
> skatehubba-client@1.0.0 build /home/user/skatehubba/client
> pnpm run typecheck && vite build


> skatehubba-client@1.0.0 typecheck /home/user/skatehubba/client
> tsc --noEmit

vite v6.4.1 building for production...
transforming...
✓ 2574 modules transformed.
rendering chunks...
computing gzip size...
dist/index.html                               9.41 kB │ gzip:   3.08 kB
dist/assets/leaflet-Dgihpmma.css             15.04 kB │ gzip:   6.38 kB
dist/assets/index-ChDHk9_i.css              104.71 kB │ gzip:  18.09 kB
dist/assets/MobileLayout-C7hR8Qf8.js          0.24 kB │ gzip:   0.20 kB
dist/assets/operations-LIQTfdwC.js            0.37 kB │ gzip:   0.27 kB
dist/assets/settings-CoOxPgEB.js              0.42 kB │ gzip:   0.29 kB
dist/assets/progress-mEdoLhyv.js              0.46 kB │ gzip:   0.33 kB
dist/assets/checkbox-CfuLoVx6.js              0.73 kB │ gzip:   0.42 kB
dist/assets/verified-CRo8HLdT.js              0.99 kB │ gzip:   0.55 kB
dist/assets/tabs-BoQ5108L.js                  1.13 kB │ gzip:   0.48 kB
dist/assets/ClosetGrid-CBQPn06R.js            1.46 kB │ gzip:   0.77 kB
dist/assets/store-BwyfT2Qf.js                 1.48 kB │ gzip:   0.74 kB
dist/assets/SpotDetailPage-BHJdLdHf.js        2.26 kB │ gzip:   0.95 kB
dist/assets/order-confirmation-BUwKyVNY.js    2.35 kB │ gzip:   0.87 kB
dist/assets/verify-email-CAlcuYhY.js          3.44 kB │ gzip:   1.35 kB
dist/assets/leaderboard-CVrz_N-C.js           3.45 kB │ gzip:   1.32 kB
dist/assets/feed-C2QUciLM.js                  3.55 kB │ gzip:   1.38 kB
dist/assets/useGeolocation-CEVFION_.js        3.66 kB │ gzip:   1.74 kB
dist/assets/BoltsShowcase-mvO6wUMp.js         3.95 kB │ gzip:   1.40 kB
dist/assets/verify-Dt0uz4Hv.js                4.02 kB │ gzip:   1.37 kB
dist/assets/signup-C0vrr6h0.js                4.18 kB │ gzip:   1.49 kB
dist/assets/signin-CVlIH6wf.js                4.41 kB │ gzip:   1.63 kB
dist/assets/home-CEefrJaC.js                  4.64 kB │ gzip:   1.79 kB
dist/assets/ChallengeLobby-Bh9W8xTT.js        4.83 kB │ gzip:   1.97 kB
dist/assets/checkout-CP0-iov3.js              4.91 kB │ gzip:   1.79 kB
dist/assets/profile-BXsbUouZ.js               5.35 kB │ gzip:   2.18 kB
dist/assets/login-rA5ezsBu.js                 5.75 kB │ gzip:   2.19 kB
dist/assets/closet-rXliIRM1.js                5.76 kB │ gzip:   1.87 kB
dist/assets/shop-h71ywW7W.js                  5.90 kB │ gzip:   2.26 kB
dist/assets/checkins-BwebVHAp.js              6.21 kB │ gzip:   2.26 kB
dist/assets/auth-verify-BRdLgsrh.js           6.43 kB │ gzip:   2.07 kB
dist/assets/cart-DRPwkJMP.js                  7.05 kB │ gzip:   2.23 kB
dist/assets/PublicProfileView-CrQQvb1q.js     7.34 kB │ gzip:   2.30 kB
dist/assets/demo-BgFRIu8H.js                  7.54 kB │ gzip:   2.22 kB
dist/assets/specs-Bg1Vl9GF.js                 8.36 kB │ gzip:   2.34 kB
dist/assets/tutorial-CP3pCL5V.js              8.60 kB │ gzip:   2.64 kB
dist/assets/skate-game-BiOSUZ0p.js            8.76 kB │ gzip:   2.85 kB
dist/assets/trickmint-CgMXHrhr.js             9.39 kB │ gzip:   3.37 kB
dist/assets/ProfileSetup-C77td47K.js         10.07 kB │ gzip:   3.33 kB
dist/assets/privacy-2NW48cM6.js              11.20 kB │ gzip:   2.93 kB
dist/assets/terms-DyWCDOHL.js                11.93 kB │ gzip:   3.34 kB
dist/assets/index-CpCGlx3s.js                12.00 kB │ gzip:   4.68 kB
dist/assets/schema-B4mEmlJt.js               14.40 kB │ gzip:   3.63 kB
dist/assets/AuthPage-2PpvYrgc.js             15.87 kB │ gzip:   3.80 kB
dist/assets/map-BR4AUV0n.js                  24.59 kB │ gzip:   7.86 kB
dist/assets/icons-Dr8Sm3E2.js                30.27 kB │ gzip:   6.08 kB
dist/assets/App-dLSGxyAu.js                  69.39 kB │ gzip:  19.97 kB
dist/assets/radix-WMel1JDD.js                94.03 kB │ gzip:  28.54 kB
dist/assets/leaflet-C2YN3g99.js             156.01 kB │ gzip:  48.82 kB
dist/assets/firebase-Boa7LOxb.js            516.31 kB │ gzip: 118.92 kB
dist/assets/vendor-AG5keBIP.js              517.87 kB │ gzip: 164.31 kB
✓ built in 20.63s
